{"contracts\\CATFactory.sol":{"l":{"35":41,"45":41,"46":41,"47":41,"48":41,"50":41,"58":17,"59":15,"60":15,"70":8,"71":7,"73":6,"74":6,"77":6,"78":6,"80":6,"81":4,"83":6,"87":6,"90":2},"path":"C:\\Users\\sarth\\OneDrive\\Documents\\Blockchain\\Clowder\\contracts\\CATFactory.sol","s":{"1":41,"2":41,"3":41,"4":41,"5":41,"6":17,"7":15,"8":8,"9":7,"10":6,"11":6,"12":6,"13":6,"14":6,"15":6,"16":2,"17":1,"18":2,"19":2},"b":{"1":[15,2],"2":[7,1],"3":[6,1],"4":[6,0]},"f":{"1":32,"2":41,"3":17,"4":8,"5":6,"6":2,"7":1,"8":2,"9":2},"fnMap":{"1":{"name":"constructor","line":17,"loc":{"start":{"line":17,"column":4},"end":{"line":17,"column":39}}},"2":{"name":"createCAT","line":28,"loc":{"start":{"line":28,"column":4},"end":{"line":51,"column":4}}},"3":{"name":"onMinterRoleGranted","line":57,"loc":{"start":{"line":57,"column":4},"end":{"line":62,"column":4}}},"4":{"name":"_getSubArray","line":69,"loc":{"start":{"line":69,"column":4},"end":{"line":84,"column":4}}},"5":{"name":"getCreatorCATAddresses","line":86,"loc":{"start":{"line":86,"column":4},"end":{"line":88,"column":4}}},"6":{"name":"getMinterCATAddresses","line":89,"loc":{"start":{"line":89,"column":4},"end":{"line":91,"column":4}}},"7":{"name":"totalCATs","line":93,"loc":{"start":{"line":93,"column":4},"end":{"line":93,"column":78}}},"8":{"name":"getCreatorCATCount","line":94,"loc":{"start":{"line":94,"column":4},"end":{"line":94,"column":123}}},"9":{"name":"getMinterCATCount","line":95,"loc":{"start":{"line":95,"column":4},"end":{"line":95,"column":119}}}},"statementMap":{"1":{"start":{"line":35,"column":8},"end":{"line":35,"column":1295}},"2":{"start":{"line":45,"column":8},"end":{"line":45,"column":44}},"3":{"start":{"line":46,"column":8},"end":{"line":46,"column":49}},"4":{"start":{"line":47,"column":8},"end":{"line":47,"column":61}},"5":{"start":{"line":50,"column":8},"end":{"line":50,"column":25}},"6":{"start":{"line":58,"column":8},"end":{"line":58,"column":2051}},"7":{"start":{"line":60,"column":12},"end":{"line":60,"column":48}},"8":{"start":{"line":70,"column":8},"end":{"line":70,"column":83}},"9":{"start":{"line":71,"column":8},"end":{"line":71,"column":67}},"10":{"start":{"line":73,"column":8},"end":{"line":73,"column":2818}},"11":{"start":{"line":77,"column":8},"end":{"line":77,"column":42}},"12":{"start":{"line":78,"column":8},"end":{"line":78,"column":61}},"13":{"start":{"line":80,"column":8},"end":{"line":80,"column":3021}},"14":{"start":{"line":83,"column":8},"end":{"line":83,"column":21}},"15":{"start":{"line":87,"column":8},"end":{"line":87,"column":64}},"16":{"start":{"line":90,"column":8},"end":{"line":90,"column":62}},"17":{"start":{"line":93,"column":57},"end":{"line":93,"column":76}},"18":{"start":{"line":94,"column":84},"end":{"line":94,"column":121}},"19":{"start":{"line":95,"column":82},"end":{"line":95,"column":117}}},"branchMap":{"1":{"line":58,"type":"if","locations":[{"start":{"line":58,"column":8},"end":{"line":58,"column":8}},{"start":{"line":58,"column":8},"end":{"line":58,"column":8}}]},"2":{"line":70,"type":"if","locations":[{"start":{"line":70,"column":8},"end":{"line":70,"column":8}},{"start":{"line":70,"column":8},"end":{"line":70,"column":8}}]},"3":{"line":71,"type":"if","locations":[{"start":{"line":71,"column":8},"end":{"line":71,"column":8}},{"start":{"line":71,"column":8},"end":{"line":71,"column":8}}]},"4":{"line":73,"type":"if","locations":[{"start":{"line":73,"column":8},"end":{"line":73,"column":8}},{"start":{"line":73,"column":8},"end":{"line":73,"column":8}}]}}},"contracts\\ContributionAccountingToken.sol":{"l":{"47":41,"48":41,"49":41,"51":41,"52":41,"53":41,"54":41,"55":41,"59":14,"60":14,"61":13,"63":1,"64":1,"65":1,"66":1,"70":13,"71":13,"75":14,"76":14,"77":1,"79":13,"80":13,"81":12,"82":12,"86":4,"87":1,"89":3,"90":2,"92":1,"96":4,"97":2,"99":2,"100":1,"102":1,"106":3,"107":2,"109":1,"113":2,"117":29,"118":1,"120":28,"124":17,"125":17,"128":1},"path":"C:\\Users\\sarth\\OneDrive\\Documents\\Blockchain\\Clowder\\contracts\\ContributionAccountingToken.sol","s":{"1":41,"2":41,"3":41,"4":14,"5":14,"6":13,"7":1,"8":1,"9":1,"10":1,"11":14,"12":14,"13":13,"14":13,"15":12,"16":4,"17":3,"18":4,"19":2,"20":3,"21":29,"22":28,"23":17,"24":17,"25":1},"b":{"1":[41,0],"2":[13,1],"3":[1,0],"4":[14,1],"5":[1,13],"6":[4,1],"7":[1,3],"8":[2,1],"9":[4,1],"10":[2,2],"11":[1,1],"12":[3,1],"13":[2,1],"14":[2,1],"15":[1,28],"16":[17,1],"17":[1,1]},"f":{"1":41,"2":14,"3":13,"4":14,"5":4,"6":4,"7":3,"8":2,"9":29,"10":17,"11":1},"fnMap":{"1":{"name":"constructor","line":46,"loc":{"start":{"line":38,"column":4},"end":{"line":56,"column":4}}},"2":{"name":"maxMintableAmount","line":58,"loc":{"start":{"line":58,"column":4},"end":{"line":67,"column":4}}},"3":{"name":"userAmountAfterFees","line":69,"loc":{"start":{"line":69,"column":4},"end":{"line":72,"column":4}}},"4":{"name":"mint","line":74,"loc":{"start":{"line":74,"column":4},"end":{"line":83,"column":4}}},"5":{"name":"reduceMaxSupply","line":85,"loc":{"start":{"line":85,"column":4},"end":{"line":93,"column":4}}},"6":{"name":"reduceThresholdSupply","line":95,"loc":{"start":{"line":95,"column":4},"end":{"line":103,"column":4}}},"7":{"name":"reduceMaxExpansionRate","line":105,"loc":{"start":{"line":105,"column":4},"end":{"line":110,"column":4}}},"8":{"name":"disableTransferRestriction","line":112,"loc":{"start":{"line":112,"column":4},"end":{"line":114,"column":4}}},"9":{"name":"_update","line":116,"loc":{"start":{"line":116,"column":4},"end":{"line":121,"column":4}}},"10":{"name":"grantMinterRole","line":123,"loc":{"start":{"line":123,"column":4},"end":{"line":126,"column":4}}},"11":{"name":"revokeMinterRole","line":127,"loc":{"start":{"line":127,"column":4},"end":{"line":129,"column":4}}}},"statementMap":{"1":{"start":{"line":47,"column":8},"end":{"line":47,"column":110}},"2":{"start":{"line":48,"column":8},"end":{"line":48,"column":51}},"3":{"start":{"line":49,"column":8},"end":{"line":49,"column":44}},"4":{"start":{"line":59,"column":8},"end":{"line":59,"column":45}},"5":{"start":{"line":60,"column":8},"end":{"line":60,"column":2554}},"6":{"start":{"line":61,"column":12},"end":{"line":61,"column":50}},"7":{"start":{"line":63,"column":8},"end":{"line":63,"column":65}},"8":{"start":{"line":64,"column":8},"end":{"line":64,"column":93}},"9":{"start":{"line":65,"column":8},"end":{"line":65,"column":53}},"10":{"start":{"line":66,"column":8},"end":{"line":66,"column":56}},"11":{"start":{"line":75,"column":8},"end":{"line":75,"column":47}},"12":{"start":{"line":76,"column":8},"end":{"line":76,"column":3303}},"13":{"start":{"line":79,"column":8},"end":{"line":79,"column":77}},"14":{"start":{"line":80,"column":8},"end":{"line":80,"column":28}},"15":{"start":{"line":81,"column":8},"end":{"line":81,"column":40}},"16":{"start":{"line":86,"column":8},"end":{"line":86,"column":3715}},"17":{"start":{"line":89,"column":8},"end":{"line":89,"column":3834}},"18":{"start":{"line":96,"column":8},"end":{"line":96,"column":4109}},"19":{"start":{"line":99,"column":8},"end":{"line":99,"column":4252}},"20":{"start":{"line":106,"column":8},"end":{"line":106,"column":4553}},"21":{"start":{"line":117,"column":8},"end":{"line":117,"column":4972}},"22":{"start":{"line":120,"column":8},"end":{"line":120,"column":38}},"23":{"start":{"line":124,"column":8},"end":{"line":124,"column":39}},"24":{"start":{"line":125,"column":8},"end":{"line":125,"column":56}},"25":{"start":{"line":128,"column":8},"end":{"line":128,"column":39}}},"branchMap":{"1":{"line":47,"type":"if","locations":[{"start":{"line":47,"column":8},"end":{"line":47,"column":8}},{"start":{"line":47,"column":8},"end":{"line":47,"column":8}}]},"2":{"line":60,"type":"if","locations":[{"start":{"line":60,"column":8},"end":{"line":60,"column":8}},{"start":{"line":60,"column":8},"end":{"line":60,"column":8}}]},"3":{"line":66,"type":"if","locations":[{"start":{"line":66,"column":37},"end":{"line":66,"column":43}},{"start":{"line":66,"column":47},"end":{"line":66,"column":55}}]},"4":{"line":74,"type":"if","locations":[{"start":{"line":74,"column":53},"end":{"line":74,"column":53}},{"start":{"line":74,"column":53},"end":{"line":74,"column":53}}]},"5":{"line":76,"type":"if","locations":[{"start":{"line":76,"column":8},"end":{"line":76,"column":8}},{"start":{"line":76,"column":8},"end":{"line":76,"column":8}}]},"6":{"line":85,"type":"if","locations":[{"start":{"line":85,"column":58},"end":{"line":85,"column":58}},{"start":{"line":85,"column":58},"end":{"line":85,"column":58}}]},"7":{"line":86,"type":"if","locations":[{"start":{"line":86,"column":8},"end":{"line":86,"column":8}},{"start":{"line":86,"column":8},"end":{"line":86,"column":8}}]},"8":{"line":89,"type":"if","locations":[{"start":{"line":89,"column":8},"end":{"line":89,"column":8}},{"start":{"line":89,"column":8},"end":{"line":89,"column":8}}]},"9":{"line":95,"type":"if","locations":[{"start":{"line":95,"column":70},"end":{"line":95,"column":70}},{"start":{"line":95,"column":70},"end":{"line":95,"column":70}}]},"10":{"line":96,"type":"if","locations":[{"start":{"line":96,"column":8},"end":{"line":96,"column":8}},{"start":{"line":96,"column":8},"end":{"line":96,"column":8}}]},"11":{"line":99,"type":"if","locations":[{"start":{"line":99,"column":8},"end":{"line":99,"column":8}},{"start":{"line":99,"column":8},"end":{"line":99,"column":8}}]},"12":{"line":105,"type":"if","locations":[{"start":{"line":105,"column":72},"end":{"line":105,"column":72}},{"start":{"line":105,"column":72},"end":{"line":105,"column":72}}]},"13":{"line":106,"type":"if","locations":[{"start":{"line":106,"column":8},"end":{"line":106,"column":8}},{"start":{"line":106,"column":8},"end":{"line":106,"column":8}}]},"14":{"line":112,"type":"if","locations":[{"start":{"line":112,"column":49},"end":{"line":112,"column":49}},{"start":{"line":112,"column":49},"end":{"line":112,"column":49}}]},"15":{"line":117,"type":"if","locations":[{"start":{"line":117,"column":8},"end":{"line":117,"column":8}},{"start":{"line":117,"column":8},"end":{"line":117,"column":8}}]},"16":{"line":123,"type":"if","locations":[{"start":{"line":123,"column":53},"end":{"line":123,"column":53}},{"start":{"line":123,"column":53},"end":{"line":123,"column":53}}]},"17":{"line":127,"type":"if","locations":[{"start":{"line":127,"column":54},"end":{"line":127,"column":54}},{"start":{"line":127,"column":54},"end":{"line":127,"column":54}}]}}}}